<?xml version="1.0" encoding="UTF-8"?>
<testsuite xmlns:xsi="http://www.w3.org/2001/XMLSchema-instance" xsi:noNamespaceSchemaLocation="https://maven.apache.org/surefire/maven-surefire-plugin/xsd/surefire-test-report.xsd" name="testRunner.TestRunner" time="17.821" tests="1" errors="1" skipped="0" failures="0">
  <properties>
[...]
</properties>
  <testcase name="Advanced Search Link" classname="Ebay Home Page Scenarios #2" time="11.648">
    <error message="no such element: Unable to locate element: {&quot;method&quot;:&quot;link text&quot;,&quot;selector&quot;:&quot;Advanced&quot;}&#10;  (Session info: chrome=149.0.7827.116)&#10;For documentation on this error, please visit: https://selenium.dev/exceptions/#no_such_element&#10;Build info: version: &apos;4.9.1&apos;, revision: &apos;eb2032df7f&apos;&#10;System info: os.name: &apos;Windows 11&apos;, os.arch: &apos;amd64&apos;, os.version: &apos;10.0&apos;, java.version: &apos;17.0.6&apos;&#10;Driver info: org.openqa.selenium.chrome.ChromeDriver&#10;Command: [d7108ee8fa06ff7b26755a157d8e7faa, findElement {using=link text, value=Advanced}]&#10;Capabilities {acceptInsecureCerts: false, browserName: chrome, browserVersion: 149.0.7827.116, chrome: {chromedriverVersion: 149.0.7827.155 (07b52360cc1..., userDataDir: C:\Users\DELL\AppData\Local...}, fedcm:accounts: true, goog:chromeOptions: {debuggerAddress: localhost:59738}, goog:processID: 37100, networkConnectionEnabled: false, pageLoadStrategy: normal, platformName: windows, proxy: Proxy(), se:cdp: ws://localhost:59738/devtoo..., se:cdpVersion: 149.0.7827.116, setWindowRect: true, strictFileInteractability: false, timeouts: {implicit: 0, pageLoad: 300000, script: 30000}, unhandledPromptBehavior: dismiss and notify, webauthn:extension:credBlob: true, webauthn:extension:largeBlob: true, webauthn:extension:minPinLength: true, webauthn:extension:prf: true, webauthn:virtualAuthenticators: true}&#10;Session ID: d7108ee8fa06ff7b26755a157d8e7faa" type="org.openqa.selenium.NoSuchElementException">org.openqa.selenium.NoSuchElementException: 
no such element: Unable to locate element: {"method":"link text","selector":"Advanced"}
  (Session info: chrome=149.0.7827.116)
For documentation on this error, please visit: https://selenium.dev/exceptions/#no_such_element
Build info: version: '4.9.1', revision: 'eb2032df7f'
System info: os.name: 'Windows 11', os.arch: 'amd64', os.version: '10.0', java.version: '17.0.6'
Driver info: org.openqa.selenium.chrome.ChromeDriver
Command: [d7108ee8fa06ff7b26755a157d8e7faa, findElement {using=link text, value=Advanced}]
Capabilities {acceptInsecureCerts: false, browserName: chrome, browserVersion: 149.0.7827.116, chrome: {chromedriverVersion: 149.0.7827.155 (07b52360cc1..., userDataDir: C:\Users\DELL\AppData\Local...}, fedcm:accounts: true, goog:chromeOptions: {debuggerAddress: localhost:59738}, goog:processID: 37100, networkConnectionEnabled: false, pageLoadStrategy: normal, platformName: windows, proxy: Proxy(), se:cdp: ws://localhost:59738/devtoo..., se:cdpVersion: 149.0.7827.116, setWindowRect: true, strictFileInteractability: false, timeouts: {implicit: 0, pageLoad: 300000, script: 30000}, unhandledPromptBehavior: dismiss and notify, webauthn:extension:credBlob: true, webauthn:extension:largeBlob: true, webauthn:extension:minPinLength: true, webauthn:extension:prf: true, webauthn:virtualAuthenticators: true}
Session ID: d7108ee8fa06ff7b26755a157d8e7faa
</error>
    <system-out><![CDATA[
@p1
Scenario: Advanced Search Link                                                                               # src/test/resources/features/Ebay_Home.feature:7
Global Before Hook Executed
  Given I am on Ebay Home Page                                                                               # steps.EbayHome_steps.i_am_on_ebay_home_page()
samson.javadala@gmail.comvalue
TASTYwlcome solomon















































  Then I read excel data                                                                                     # steps.Common_Steps.i_read_excel_data()
  Then I update excel sheet "sam" in row 2 and column 1 of "Sheet1" in file "src/test/resources/data.xlsx"   # steps.Common_Steps.i_update_excel_sheet_in_row_and_column_of_in_file(java.lang.String,java.lang.Integer,java.lang.Integer,java.lang.String,java.lang.String)
  And I open gmail with username and password                                                                # steps.EbayHome_steps.i_open_gmail_with_username_and_password()
      org.openqa.selenium.NoSuchElementException: no such element: Unable to locate element: {"method":"link text","selector":"Advanced"}
  (Session info: chrome=149.0.7827.116)
For documentation on this error, please visit: https://selenium.dev/exceptions/#no_such_element
Build info: version: '4.9.1', revision: 'eb2032df7f'
System info: os.name: 'Windows 11', os.arch: 'amd64', os.version: '10.0', java.version: '17.0.6'
Driver info: org.openqa.selenium.chrome.ChromeDriver
Command: [d7108ee8fa06ff7b26755a157d8e7faa, findElement {using=link text, value=Advanced}]
Capabilities {acceptInsecureCerts: false, browserName: chrome, browserVersion: 149.0.7827.116, chrome: {chromedriverVersion: 149.0.7827.155 (07b52360cc1..., userDataDir: C:\Users\DELL\AppData\Local...}, fedcm:accounts: true, goog:chromeOptions: {debuggerAddress: localhost:59738}, goog:processID: 37100, networkConnectionEnabled: false, pageLoadStrategy: normal, platformName: windows, proxy: Proxy(), se:cdp: ws://localhost:59738/devtoo..., se:cdpVersion: 149.0.7827.116, setWindowRect: true, strictFileInteractability: false, timeouts: {implicit: 0, pageLoad: 300000, script: 30000}, unhandledPromptBehavior: dismiss and notify, webauthn:extension:credBlob: true, webauthn:extension:largeBlob: true, webauthn:extension:minPinLength: true, webauthn:extension:prf: true, webauthn:virtualAuthenticators: true}
Session ID: d7108ee8fa06ff7b26755a157d8e7faa
	at java.base/jdk.internal.reflect.NativeConstructorAccessorImpl.newInstance0(Native Method)
	at java.base/jdk.internal.reflect.NativeConstructorAccessorImpl.newInstance(NativeConstructorAccessorImpl.java:77)
	at java.base/jdk.internal.reflect.DelegatingConstructorAccessorImpl.newInstance(DelegatingConstructorAccessorImpl.java:45)
	at java.base/java.lang.reflect.Constructor.newInstanceWithCaller(Constructor.java:499)
	at java.base/java.lang.reflect.Constructor.newInstance(Constructor.java:480)
	at org.openqa.selenium.remote.codec.w3c.W3CHttpResponseCodec.createException(W3CHttpResponseCodec.java:200)
	at org.openqa.selenium.remote.codec.w3c.W3CHttpResponseCodec.decode(W3CHttpResponseCodec.java:133)
	at org.openqa.selenium.remote.codec.w3c.W3CHttpResponseCodec.decode(W3CHttpResponseCodec.java:53)
	at org.openqa.selenium.remote.HttpCommandExecutor.execute(HttpCommandExecutor.java:193)
	at org.openqa.selenium.remote.service.DriverCommandExecutor.invokeExecute(DriverCommandExecutor.java:183)
	at org.openqa.selenium.remote.service.DriverCommandExecutor.execute(DriverCommandExecutor.java:158)
	at org.openqa.selenium.remote.RemoteWebDriver.execute(RemoteWebDriver.java:543)
	at org.openqa.selenium.remote.ElementLocation$ElementFinder$2.findElement(ElementLocation.java:162)
	at org.openqa.selenium.remote.ElementLocation.findElement(ElementLocation.java:60)
	at org.openqa.selenium.remote.RemoteWebDriver.findElement(RemoteWebDriver.java:352)
	at org.openqa.selenium.remote.RemoteWebDriver.findElement(RemoteWebDriver.java:344)
	at org.openqa.selenium.support.pagefactory.DefaultElementLocator.findElement(DefaultElementLocator.java:70)
	at org.openqa.selenium.support.pagefactory.internal.LocatingElementHandler.invoke(LocatingElementHandler.java:39)
	at jdk.proxy2/jdk.proxy2.$Proxy24.click(Unknown Source)
	at actions.EbayHome_Actions.clickAdvancedLink(EbayHome_Actions.java:24)
	at steps.EbayHome_steps.i_open_gmail_with_username_and_password(EbayHome_steps.java:43)
	at âœ½.I open gmail with username and password(file:///C:/Users/DELL/eclipse-workspace/cucumber1/src/test/resources/features/Ebay_Home.feature:11)

  When I click on Advanced Link                                                                              # steps.EbayHome_steps.i_click_on_advanced_link()
  Then I navigate to Advanced Search page                                                                    # steps.EbayHome_steps.i_navigate_to_advanced_search_page()
  Then I read excel data                                                                                     # steps.Common_Steps.i_read_excel_data()
  Then I update excel sheet "TASTY" in row 2 and column 1 of "Sheet1" in file "src/test/resources/data.xlsx" # steps.Common_Steps.i_update_excel_sheet_in_row_and_column_of_in_file(java.lang.String,java.lang.Integer,java.lang.Integer,java.lang.String,java.lang.String)

    Embedding Advanced Search Link [image/png 38658 bytes]

]]></system-out>
    <system-err><![CDATA[SLF4J(W): No SLF4J providers were found.
SLF4J(W): Defaulting to no-operation (NOP) logger implementation
SLF4J(W): See https://www.slf4j.org/codes.html#noProviders for further details.
ERROR StatusLogger Log4j2 could not find a logging implementation. Please add log4j-core to the classpath. Using SimpleLogger to log to the console...
Starting ChromeDriver 149.0.7827.155 (07b52360cc15066f987c910ab34dfbcd4a8778d2-refs/branch-heads/7827@{#3246}) on port 41135
Only local connections are allowed.
Please see https://chromedriver.chromium.org/security-considerations for suggestions on keeping ChromeDriver safe.
ChromeDriver was started successfully on port 41135.
Jun 19, 2026 2:18:52 PM org.openqa.selenium.devtools.CdpVersionFinder findNearestMatch
WARNING: Unable to find CDP implementation matching 149
Jun 19, 2026 2:18:52 PM org.openqa.selenium.chromium.ChromiumDriver lambda$new$3
WARNING: Unable to find version of CDP to use for . You may need to include a dependency on a specific version of the CDP using something similar to `org.seleniumhq.selenium:selenium-devtools-v86:4.9.1` where the version ("v86") matches the version of the chromium-based browser you're using and the version number of the artifact is the same as Selenium's.
]]></system-err>
  </testcase>
</testsuite>