<?xml version="1.0" encoding="UTF-8"?>
<testsuite xmlns:xsi="http://www.w3.org/2001/XMLSchema-instance" xsi:noNamespaceSchemaLocation="https://maven.apache.org/surefire/maven-surefire-plugin/xsd/surefire-test-report.xsd" name="testRunner.TestRunner" time="13.276" tests="1" errors="1" skipped="0" failures="0">
  <properties>
[...]
</properties>
  <testcase name="searching i phone 14 #2" classname="Ebay Home Page Scenarios #2" time="11.89">
    <error message="Cannot invoke &quot;org.apache.poi.xssf.usermodel.XSSFCell.getStringCellValue()&quot; because the return value of &quot;org.apache.poi.xssf.usermodel.XSSFRow.getCell(int)&quot; is null" type="java.lang.NullPointerException">java.lang.NullPointerException: Cannot invoke "org.apache.poi.xssf.usermodel.XSSFCell.getStringCellValue()" because the return value of "org.apache.poi.xssf.usermodel.XSSFRow.getCell(int)" is null
</error>
    <system-out><![CDATA[
@p10
Scenario: searching i phone 14 # src/test/resources/features/Ebay_Home.feature:57
Global Before Hook Executed
  Given I am on Ebay Home Page # steps.EbayHome_steps.i_am_on_ebay_home_page()
Name	
Email	
Expected Text	
samson	
samson.javadala@gmail.com	
value	
solomon	
sam	
wlcome solomon	
  Then I read internal excel   # steps.EbayHome_steps.i_read_internal_excel()
      java.lang.NullPointerException: Cannot invoke "org.apache.poi.xssf.usermodel.XSSFCell.getStringCellValue()" because the return value of "org.apache.poi.xssf.usermodel.XSSFRow.getCell(int)" is null
	at actions.ExcelReader.myExcelData(ExcelReader.java:62)
	at steps.EbayHome_steps.i_read_internal_excel(EbayHome_steps.java:137)
	at âœ½.I read internal excel(file:///C:/Users/DELL/eclipse-workspace/cucumber1/src/test/resources/features/Ebay_Home.feature:60)


    Embedding searching i phone 14 [image/png 116969 bytes]

]]></system-out>
    <system-err><![CDATA[SLF4J(W): No SLF4J providers were found.
SLF4J(W): Defaulting to no-operation (NOP) logger implementation
SLF4J(W): See https://www.slf4j.org/codes.html#noProviders for further details.
ERROR StatusLogger Log4j2 could not find a logging implementation. Please add log4j-core to the classpath. Using SimpleLogger to log to the console...
Starting ChromeDriver 149.0.7827.155 (07b52360cc15066f987c910ab34dfbcd4a8778d2-refs/branch-heads/7827@{#3246}) on port 33959
Only local connections are allowed.
Please see https://chromedriver.chromium.org/security-considerations for suggestions on keeping ChromeDriver safe.
ChromeDriver was started successfully on port 33959.
Jun 30, 2026 7:37:54 PM org.openqa.selenium.devtools.CdpVersionFinder findNearestMatch
WARNING: Unable to find CDP implementation matching 149
Jun 30, 2026 7:37:54 PM org.openqa.selenium.chromium.ChromiumDriver lambda$new$3
WARNING: Unable to find version of CDP to use for . You may need to include a dependency on a specific version of the CDP using something similar to `org.seleniumhq.selenium:selenium-devtools-v86:4.9.1` where the version ("v86") matches the version of the chromium-based browser you're using and the version number of the artifact is the same as Selenium's.
]]></system-err>
  </testcase>
</testsuite>